<?xml version="1.0" encoding="UTF-8"?>
<testExecutions version="1">
    <file path="C:\Users\EOLOO\Sonartest\index.test.js">
        <testCase name="Get Endpoints Get" duration="88"/>
    </file>
</testExecutions>